0 info it worked if it ends with ok
1 verbose cli [ 'C:\\dev\\tools\\\\node.exe',
1 verbose cli   'C:\\dev\\tools\\node_modules\\npm\\bin\\npm-cli.js',
1 verbose cli   'install',
1 verbose cli   'angular-pouchdb' ]
2 info using npm@1.3.11
3 info using node@v0.11.9
4 verbose node symlink C:\dev\tools\\node.exe
5 verbose readDependencies using package.json deps
6 verbose cache add [ 'angular-pouchdb', null ]
7 verbose cache add name=undefined spec="angular-pouchdb" args=["angular-pouchdb",null]
8 verbose parsed url { protocol: null,
8 verbose parsed url   slashes: null,
8 verbose parsed url   auth: null,
8 verbose parsed url   host: null,
8 verbose parsed url   port: null,
8 verbose parsed url   hostname: null,
8 verbose parsed url   hash: null,
8 verbose parsed url   search: null,
8 verbose parsed url   query: null,
8 verbose parsed url   pathname: 'angular-pouchdb',
8 verbose parsed url   path: 'angular-pouchdb',
8 verbose parsed url   href: 'angular-pouchdb' }
9 silly lockFile 4696be89-angular-pouchdb angular-pouchdb
10 verbose lock angular-pouchdb C:\Users\Jason\AppData\Roaming\npm-cache\4696be89-angular-pouchdb.lock
11 silly lockFile 4696be89-angular-pouchdb angular-pouchdb
12 silly lockFile 4696be89-angular-pouchdb angular-pouchdb
13 verbose addNamed [ 'angular-pouchdb', '' ]
14 verbose addNamed [ null, '*' ]
15 silly lockFile 02e0c0d9-angular-pouchdb angular-pouchdb@
16 verbose lock angular-pouchdb@ C:\Users\Jason\AppData\Roaming\npm-cache\02e0c0d9-angular-pouchdb.lock
17 silly addNameRange { name: 'angular-pouchdb', range: '*', hasData: false }
18 verbose url raw angular-pouchdb
19 verbose url resolving [ 'https://registry.npmjs.org/', './angular-pouchdb' ]
20 verbose url resolved https://registry.npmjs.org/angular-pouchdb
21 info trying registry request attempt 1 at 12:13:05
22 http GET https://registry.npmjs.org/angular-pouchdb
23 http 404 https://registry.npmjs.org/angular-pouchdb
24 silly registry.get cb [ 404,
24 silly registry.get   { server: 'CouchDB/1.5.0 (Erlang OTP/R15B03)',
24 silly registry.get     date: 'Sat, 14 Dec 2013 20:13:07 GMT',
24 silly registry.get     'content-type': 'application/json',
24 silly registry.get     'content-length': '52',
24 silly registry.get     'cache-control': 'must-revalidate' } ]
25 silly lockFile 02e0c0d9-angular-pouchdb angular-pouchdb@
26 silly lockFile 02e0c0d9-angular-pouchdb angular-pouchdb@
27 error 404 'angular-pouchdb' is not in the npm registry.
27 error 404 You should bug the author to publish it
27 error 404
27 error 404 Note that you can also install from a
27 error 404 tarball, folder, or http url, or git url.
28 error System Windows_NT 6.2.9200
29 error command "C:\\dev\\tools\\\\node.exe" "C:\\dev\\tools\\node_modules\\npm\\bin\\npm-cli.js" "install" "angular-pouchdb"
30 error cwd D:\GitRepository\sparktree.bandit.web
31 error node -v v0.11.9
32 error npm -v 1.3.11
33 error code E404
34 verbose exit [ 1, true ]
